2021-12-23 15:54:45.120  INFO 18048 --- [main] c.c.c.ConfigServicePropertySourceLocator : Fetching config from server at : http://localhost:8888
2021-12-23 15:54:46.900  INFO 18048 --- [main] c.c.c.ConfigServicePropertySourceLocator : Located environment: name=movie-catalog-service, profiles=[default], label=null, version=918e0558dff2ddfa528f87d32e6cc15d9c8f9e6f, state=null
2021-12-23 15:54:46.901  INFO 18048 --- [main] b.c.PropertySourceBootstrapConfiguration : Located property source: [BootstrapPropertySource {name='bootstrapProperties-configClient'}, BootstrapPropertySource {name='bootstrapProperties-https://github.com/TY-trupthi/config-server/file:C:\Users\Trupthi\AppData\Local\Temp\config-repo-8468371306398688697\application.properties'}]
2021-12-23 15:54:46.911  INFO 18048 --- [main] m.m.MovieCatalogServiceApplication       : No active profile set, falling back to default profiles: default
2021-12-23 15:54:47.733  INFO 18048 --- [main] o.s.cloud.context.scope.GenericScope     : BeanFactory id=49d1ac84-be43-3955-86d7-15ac5025f7e5
2021-12-23 15:54:47.929  INFO 18048 --- [main] trationDelegate$BeanPostProcessorChecker : Bean 'org.springframework.cloud.client.loadbalancer.reactive.LoadBalancerBeanPostProcessorAutoConfiguration' of type [org.springframework.cloud.client.loadbalancer.reactive.LoadBalancerBeanPostProcessorAutoConfiguration] is not eligible for getting processed by all BeanPostProcessors (for example: not eligible for auto-proxying)
2021-12-23 15:54:47.931  INFO 18048 --- [main] trationDelegate$BeanPostProcessorChecker : Bean 'org.springframework.cloud.client.loadbalancer.reactive.LoadBalancerBeanPostProcessorAutoConfiguration$ReactorDeferringLoadBalancerFilterConfig' of type [org.springframework.cloud.client.loadbalancer.reactive.LoadBalancerBeanPostProcessorAutoConfiguration$ReactorDeferringLoadBalancerFilterConfig] is not eligible for getting processed by all BeanPostProcessors (for example: not eligible for auto-proxying)
2021-12-23 15:54:47.935  INFO 18048 --- [main] trationDelegate$BeanPostProcessorChecker : Bean 'reactorDeferringLoadBalancerExchangeFilterFunction' of type [org.springframework.cloud.client.loadbalancer.reactive.DeferringLoadBalancerExchangeFilterFunction] is not eligible for getting processed by all BeanPostProcessors (for example: not eligible for auto-proxying)
2021-12-23 15:54:48.184  INFO 18048 --- [main] o.s.b.w.embedded.tomcat.TomcatWebServer  : Tomcat initialized with port(s): 8081 (http)
2021-12-23 15:54:48.191  INFO 18048 --- [main] o.apache.catalina.core.StandardService   : Starting service [Tomcat]
2021-12-23 15:54:48.191  INFO 18048 --- [main] org.apache.catalina.core.StandardEngine  : Starting Servlet engine: [Apache Tomcat/9.0.55]
2021-12-23 15:54:48.312  INFO 18048 --- [main] o.a.c.c.C.[Tomcat].[localhost].[/]       : Initializing Spring embedded WebApplicationContext
2021-12-23 15:54:48.312  INFO 18048 --- [main] w.s.c.ServletWebServerApplicationContext : Root WebApplicationContext: initialization completed in 1394 ms
2021-12-23 15:54:50.362  INFO 18048 --- [main] DiscoveryClientOptionalArgsConfiguration : Eureka HTTP Client uses RestTemplate.
2021-12-23 15:54:50.478  WARN 18048 --- [main] iguration$LoadBalancerCaffeineWarnLogger : Spring Cloud LoadBalancer is currently working with the default cache. You can switch to using Caffeine cache, by adding it and org.springframework.cache.caffeine.CaffeineCacheManager to the classpath.
2021-12-23 15:54:50.487  INFO 18048 --- [main] o.s.b.a.e.web.EndpointLinksResolver      : Exposing 1 endpoint(s) beneath base path '/actuator'
2021-12-23 15:54:50.563  INFO 18048 --- [main] o.s.c.n.eureka.InstanceInfoFactory       : Setting initial instance status as: STARTING
2021-12-23 15:54:50.615  INFO 18048 --- [main] com.netflix.discovery.DiscoveryClient    : Initializing Eureka in region us-east-1
2021-12-23 15:54:50.619  INFO 18048 --- [main] c.n.d.s.r.aws.ConfigClusterResolver      : Resolving eureka endpoints via configuration
2021-12-23 15:54:50.645  INFO 18048 --- [main] com.netflix.discovery.DiscoveryClient    : Disable delta property : false
2021-12-23 15:54:50.646  INFO 18048 --- [main] com.netflix.discovery.DiscoveryClient    : Single vip registry refresh property : null
2021-12-23 15:54:50.646  INFO 18048 --- [main] com.netflix.discovery.DiscoveryClient    : Force full registry fetch : false
2021-12-23 15:54:50.646  INFO 18048 --- [main] com.netflix.discovery.DiscoveryClient    : Application is null : false
2021-12-23 15:54:50.646  INFO 18048 --- [main] com.netflix.discovery.DiscoveryClient    : Registered Applications size is zero : true
2021-12-23 15:54:50.647  INFO 18048 --- [main] com.netflix.discovery.DiscoveryClient    : Application version is -1: true
2021-12-23 15:54:50.647  INFO 18048 --- [main] com.netflix.discovery.DiscoveryClient    : Getting all instance registry info from the eureka server
2021-12-23 15:54:50.836  INFO 18048 --- [main] com.netflix.discovery.DiscoveryClient    : The response status is 200
2021-12-23 15:54:50.842  INFO 18048 --- [main] com.netflix.discovery.DiscoveryClient    : Starting heartbeat executor: renew interval is: 30
2021-12-23 15:54:50.847  INFO 18048 --- [main] c.n.discovery.InstanceInfoReplicator     : InstanceInfoReplicator onDemand update allowed rate per min is 4
2021-12-23 15:54:50.859  INFO 18048 --- [main] com.netflix.discovery.DiscoveryClient    : Discovery Client initialized at timestamp 1640255090859 with initial instances count: 1
2021-12-23 15:54:50.867  INFO 18048 --- [main] o.s.c.n.e.s.EurekaServiceRegistry        : Registering application MOVIE-CATALOG-SERVICE with eureka with status UP
2021-12-23 15:54:50.867  INFO 18048 --- [main] com.netflix.discovery.DiscoveryClient    : Saw local status change event StatusChangeEvent [timestamp=1640255090867, current=UP, previous=STARTING]
2021-12-23 15:54:50.869  INFO 18048 --- [DiscoveryClient-InstanceInfoReplicator-0] com.netflix.discovery.DiscoveryClient    : DiscoveryClient_MOVIE-CATALOG-SERVICE/TYSS-Trupthi:movie-catalog-service:8081: registering service...
2021-12-23 15:54:50.887  INFO 18048 --- [main] o.s.b.w.embedded.tomcat.TomcatWebServer  : Tomcat started on port(s): 8081 (http) with context path ''
2021-12-23 15:54:50.888  INFO 18048 --- [main] .s.c.n.e.s.EurekaAutoServiceRegistration : Updating port to 8081
2021-12-23 15:54:50.917  INFO 18048 --- [DiscoveryClient-InstanceInfoReplicator-0] com.netflix.discovery.DiscoveryClient    : DiscoveryClient_MOVIE-CATALOG-SERVICE/TYSS-Trupthi:movie-catalog-service:8081 - registration status: 204
2021-12-23 15:54:51.026  INFO 18048 --- [main] m.m.MovieCatalogServiceApplication       : Started MovieCatalogServiceApplication in 6.567 seconds (JVM running for 7.134)
2021-12-23 15:54:52.078  INFO 18048 --- [RMI TCP Connection(3)-127.0.0.1] o.a.c.c.C.[Tomcat].[localhost].[/]       : Initializing Spring DispatcherServlet 'dispatcherServlet'
2021-12-23 15:54:52.078  INFO 18048 --- [RMI TCP Connection(3)-127.0.0.1] o.s.web.servlet.DispatcherServlet        : Initializing Servlet 'dispatcherServlet'
2021-12-23 15:54:52.080  INFO 18048 --- [RMI TCP Connection(3)-127.0.0.1] o.s.web.servlet.DispatcherServlet        : Completed initialization in 2 ms
2021-12-23 15:55:08.709  INFO 18048 --- [http-nio-8081-exec-1] m.m.controller.MovieCatalogController    : Inside getCatalogItem
2021-12-23 15:55:08.858  WARN 18048 --- [http-nio-8081-exec-1] o.s.c.l.core.RoundRobinLoadBalancer      : No servers available for service: rating-info-service
2021-12-23 15:55:08.865 ERROR 18048 --- [http-nio-8081-exec-1] m.m.controller.MovieCatalogController    : Inside fallback
2021-12-23 15:55:10.818  INFO 18048 --- [http-nio-8081-exec-4] m.m.controller.MovieCatalogController    : Inside getCatalogItem
2021-12-23 15:55:10.821  WARN 18048 --- [http-nio-8081-exec-4] o.s.c.l.core.RoundRobinLoadBalancer      : No servers available for service: rating-info-service
2021-12-23 15:55:10.822 ERROR 18048 --- [http-nio-8081-exec-4] m.m.controller.MovieCatalogController    : Inside fallback
2021-12-23 15:55:17.597  INFO 18048 --- [http-nio-8081-exec-5] m.m.controller.MovieCatalogController    : Inside getCatalogItem
2021-12-23 15:55:17.600  WARN 18048 --- [http-nio-8081-exec-5] o.s.c.l.core.RoundRobinLoadBalancer      : No servers available for service: rating-info-service
2021-12-23 15:55:17.601 ERROR 18048 --- [http-nio-8081-exec-5] m.m.controller.MovieCatalogController    : Inside fallback
2021-12-23 15:55:51.004  INFO 18048 --- [http-nio-8081-exec-7] m.m.controller.MovieCatalogController    : Inside getCatalogItem
2021-12-23 15:59:50.665  INFO 18048 --- [AsyncResolver-bootstrap-executor-0] c.n.d.s.r.aws.ConfigClusterResolver      : Resolving eureka endpoints via configuration
2021-12-23 16:04:50.677  INFO 18048 --- [AsyncResolver-bootstrap-executor-0] c.n.d.s.r.aws.ConfigClusterResolver      : Resolving eureka endpoints via configuration
2021-12-23 16:09:50.684  INFO 18048 --- [AsyncResolver-bootstrap-executor-0] c.n.d.s.r.aws.ConfigClusterResolver      : Resolving eureka endpoints via configuration
2021-12-23 16:13:38.119  INFO 18048 --- [http-nio-8081-exec-10] m.m.controller.MovieCatalogController    : Inside getCatalogItem
2021-12-23 16:14:50.695  INFO 18048 --- [AsyncResolver-bootstrap-executor-0] c.n.d.s.r.aws.ConfigClusterResolver      : Resolving eureka endpoints via configuration
2021-12-23 16:18:04.340  INFO 18048 --- [RMI TCP Connection(32)-127.0.0.1] inMXBeanRegistrar$SpringApplicationAdmin : Application shutdown requested.
2021-12-23 16:18:04.341  INFO 18048 --- [RMI TCP Connection(32)-127.0.0.1] o.s.c.n.e.s.EurekaServiceRegistry        : Unregistering application MOVIE-CATALOG-SERVICE with eureka with status DOWN
2021-12-23 16:18:04.341  INFO 18048 --- [RMI TCP Connection(32)-127.0.0.1] com.netflix.discovery.DiscoveryClient    : Saw local status change event StatusChangeEvent [timestamp=1640256484341, current=DOWN, previous=UP]
2021-12-23 16:18:04.342  INFO 18048 --- [DiscoveryClient-InstanceInfoReplicator-0] com.netflix.discovery.DiscoveryClient    : DiscoveryClient_MOVIE-CATALOG-SERVICE/TYSS-Trupthi:movie-catalog-service:8081: registering service...
2021-12-23 16:18:04.349  INFO 18048 --- [DiscoveryClient-InstanceInfoReplicator-0] com.netflix.discovery.DiscoveryClient    : DiscoveryClient_MOVIE-CATALOG-SERVICE/TYSS-Trupthi:movie-catalog-service:8081 - registration status: 204
2021-12-23 16:18:04.350  INFO 18048 --- [RMI TCP Connection(32)-127.0.0.1] o.apache.catalina.core.StandardService   : Stopping service [Tomcat]
2021-12-23 16:18:04.352  INFO 18048 --- [RMI TCP Connection(32)-127.0.0.1] o.a.c.c.C.[Tomcat].[localhost].[/]       : Destroying Spring FrameworkServlet 'dispatcherServlet'
2021-12-23 16:18:04.358  WARN 18048 --- [RMI TCP Connection(32)-127.0.0.1] o.a.c.loader.WebappClassLoaderBase       : The web application [ROOT] appears to have started a thread named [parallel-1] but has failed to stop it. This is very likely to create a memory leak. Stack trace of thread:
 java.base@16.0.2/jdk.internal.misc.Unsafe.park(Native Method)
 java.base@16.0.2/java.util.concurrent.locks.LockSupport.park(LockSupport.java:341)
 java.base@16.0.2/java.util.concurrent.locks.AbstractQueuedSynchronizer$ConditionNode.block(AbstractQueuedSynchronizer.java:505)
 java.base@16.0.2/java.util.concurrent.ForkJoinPool.managedBlock(ForkJoinPool.java:3137)
 java.base@16.0.2/java.util.concurrent.locks.AbstractQueuedSynchronizer$ConditionObject.await(AbstractQueuedSynchronizer.java:1614)
 java.base@16.0.2/java.util.concurrent.ScheduledThreadPoolExecutor$DelayedWorkQueue.take(ScheduledThreadPoolExecutor.java:1170)
 java.base@16.0.2/java.util.concurrent.ScheduledThreadPoolExecutor$DelayedWorkQueue.take(ScheduledThreadPoolExecutor.java:899)
 java.base@16.0.2/java.util.concurrent.ThreadPoolExecutor.getTask(ThreadPoolExecutor.java:1056)
 java.base@16.0.2/java.util.concurrent.ThreadPoolExecutor.runWorker(ThreadPoolExecutor.java:1116)
 java.base@16.0.2/java.util.concurrent.ThreadPoolExecutor$Worker.run(ThreadPoolExecutor.java:630)
 java.base@16.0.2/java.lang.Thread.run(Thread.java:831)
2021-12-23 16:18:04.359  WARN 18048 --- [RMI TCP Connection(32)-127.0.0.1] o.a.c.loader.WebappClassLoaderBase       : The web application [ROOT] appears to have started a thread named [pool-10-thread-1] but has failed to stop it. This is very likely to create a memory leak. Stack trace of thread:
 java.base@16.0.2/jdk.internal.misc.Unsafe.park(Native Method)
 java.base@16.0.2/java.util.concurrent.locks.LockSupport.park(LockSupport.java:341)
 java.base@16.0.2/java.util.concurrent.locks.AbstractQueuedSynchronizer$ConditionNode.block(AbstractQueuedSynchronizer.java:505)
 java.base@16.0.2/java.util.concurrent.ForkJoinPool.managedBlock(ForkJoinPool.java:3137)
 java.base@16.0.2/java.util.concurrent.locks.AbstractQueuedSynchronizer$ConditionObject.await(AbstractQueuedSynchronizer.java:1614)
 java.base@16.0.2/java.util.concurrent.ScheduledThreadPoolExecutor$DelayedWorkQueue.take(ScheduledThreadPoolExecutor.java:1170)
 java.base@16.0.2/java.util.concurrent.ScheduledThreadPoolExecutor$DelayedWorkQueue.take(ScheduledThreadPoolExecutor.java:899)
 java.base@16.0.2/java.util.concurrent.ThreadPoolExecutor.getTask(ThreadPoolExecutor.java:1056)
 java.base@16.0.2/java.util.concurrent.ThreadPoolExecutor.runWorker(ThreadPoolExecutor.java:1116)
 java.base@16.0.2/java.util.concurrent.ThreadPoolExecutor$Worker.run(ThreadPoolExecutor.java:630)
 java.base@16.0.2/java.lang.Thread.run(Thread.java:831)
2021-12-23 16:18:04.359  WARN 18048 --- [RMI TCP Connection(32)-127.0.0.1] o.a.c.loader.WebappClassLoaderBase       : The web application [ROOT] appears to have started a thread named [parallel-2] but has failed to stop it. This is very likely to create a memory leak. Stack trace of thread:
 java.base@16.0.2/jdk.internal.misc.Unsafe.park(Native Method)
 java.base@16.0.2/java.util.concurrent.locks.LockSupport.park(LockSupport.java:341)
 java.base@16.0.2/java.util.concurrent.locks.AbstractQueuedSynchronizer$ConditionNode.block(AbstractQueuedSynchronizer.java:505)
 java.base@16.0.2/java.util.concurrent.ForkJoinPool.managedBlock(ForkJoinPool.java:3137)
 java.base@16.0.2/java.util.concurrent.locks.AbstractQueuedSynchronizer$ConditionObject.await(AbstractQueuedSynchronizer.java:1614)
 java.base@16.0.2/java.util.concurrent.ScheduledThreadPoolExecutor$DelayedWorkQueue.take(ScheduledThreadPoolExecutor.java:1170)
 java.base@16.0.2/java.util.concurrent.ScheduledThreadPoolExecutor$DelayedWorkQueue.take(ScheduledThreadPoolExecutor.java:899)
 java.base@16.0.2/java.util.concurrent.ThreadPoolExecutor.getTask(ThreadPoolExecutor.java:1056)
 java.base@16.0.2/java.util.concurrent.ThreadPoolExecutor.runWorker(ThreadPoolExecutor.java:1116)
 java.base@16.0.2/java.util.concurrent.ThreadPoolExecutor$Worker.run(ThreadPoolExecutor.java:630)
 java.base@16.0.2/java.lang.Thread.run(Thread.java:831)
2021-12-23 16:18:04.361  WARN 18048 --- [RMI TCP Connection(32)-127.0.0.1] o.a.c.loader.WebappClassLoaderBase       : The web application [ROOT] appears to have started a thread named [parallel-3] but has failed to stop it. This is very likely to create a memory leak. Stack trace of thread:
 java.base@16.0.2/jdk.internal.misc.Unsafe.park(Native Method)
 java.base@16.0.2/java.util.concurrent.locks.LockSupport.park(LockSupport.java:341)
 java.base@16.0.2/java.util.concurrent.locks.AbstractQueuedSynchronizer$ConditionNode.block(AbstractQueuedSynchronizer.java:505)
 java.base@16.0.2/java.util.concurrent.ForkJoinPool.managedBlock(ForkJoinPool.java:3137)
 java.base@16.0.2/java.util.concurrent.locks.AbstractQueuedSynchronizer$ConditionObject.await(AbstractQueuedSynchronizer.java:1614)
 java.base@16.0.2/java.util.concurrent.ScheduledThreadPoolExecutor$DelayedWorkQueue.take(ScheduledThreadPoolExecutor.java:1170)
 java.base@16.0.2/java.util.concurrent.ScheduledThreadPoolExecutor$DelayedWorkQueue.take(ScheduledThreadPoolExecutor.java:899)
 java.base@16.0.2/java.util.concurrent.ThreadPoolExecutor.getTask(ThreadPoolExecutor.java:1056)
 java.base@16.0.2/java.util.concurrent.ThreadPoolExecutor.runWorker(ThreadPoolExecutor.java:1116)
 java.base@16.0.2/java.util.concurrent.ThreadPoolExecutor$Worker.run(ThreadPoolExecutor.java:630)
 java.base@16.0.2/java.lang.Thread.run(Thread.java:831)
2021-12-23 16:18:04.361  WARN 18048 --- [RMI TCP Connection(32)-127.0.0.1] o.a.c.loader.WebappClassLoaderBase       : The web application [ROOT] appears to have started a thread named [parallel-4] but has failed to stop it. This is very likely to create a memory leak. Stack trace of thread:
 java.base@16.0.2/jdk.internal.misc.Unsafe.park(Native Method)
 java.base@16.0.2/java.util.concurrent.locks.LockSupport.park(LockSupport.java:341)
 java.base@16.0.2/java.util.concurrent.locks.AbstractQueuedSynchronizer$ConditionNode.block(AbstractQueuedSynchronizer.java:505)
 java.base@16.0.2/java.util.concurrent.ForkJoinPool.managedBlock(ForkJoinPool.java:3137)
 java.base@16.0.2/java.util.concurrent.locks.AbstractQueuedSynchronizer$ConditionObject.await(AbstractQueuedSynchronizer.java:1614)
 java.base@16.0.2/java.util.concurrent.ScheduledThreadPoolExecutor$DelayedWorkQueue.take(ScheduledThreadPoolExecutor.java:1170)
 java.base@16.0.2/java.util.concurrent.ScheduledThreadPoolExecutor$DelayedWorkQueue.take(ScheduledThreadPoolExecutor.java:899)
 java.base@16.0.2/java.util.concurrent.ThreadPoolExecutor.getTask(ThreadPoolExecutor.java:1056)
 java.base@16.0.2/java.util.concurrent.ThreadPoolExecutor.runWorker(ThreadPoolExecutor.java:1116)
 java.base@16.0.2/java.util.concurrent.ThreadPoolExecutor$Worker.run(ThreadPoolExecutor.java:630)
 java.base@16.0.2/java.lang.Thread.run(Thread.java:831)
2021-12-23 16:18:04.361  WARN 18048 --- [RMI TCP Connection(32)-127.0.0.1] o.a.c.loader.WebappClassLoaderBase       : The web application [ROOT] appears to have started a thread named [parallel-5] but has failed to stop it. This is very likely to create a memory leak. Stack trace of thread:
 java.base@16.0.2/jdk.internal.misc.Unsafe.park(Native Method)
 java.base@16.0.2/java.util.concurrent.locks.LockSupport.park(LockSupport.java:341)
 java.base@16.0.2/java.util.concurrent.locks.AbstractQueuedSynchronizer$ConditionNode.block(AbstractQueuedSynchronizer.java:505)
 java.base@16.0.2/java.util.concurrent.ForkJoinPool.managedBlock(ForkJoinPool.java:3137)
 java.base@16.0.2/java.util.concurrent.locks.AbstractQueuedSynchronizer$ConditionObject.await(AbstractQueuedSynchronizer.java:1614)
 java.base@16.0.2/java.util.concurrent.ScheduledThreadPoolExecutor$DelayedWorkQueue.take(ScheduledThreadPoolExecutor.java:1170)
 java.base@16.0.2/java.util.concurrent.ScheduledThreadPoolExecutor$DelayedWorkQueue.take(ScheduledThreadPoolExecutor.java:899)
 java.base@16.0.2/java.util.concurrent.ThreadPoolExecutor.getTask(ThreadPoolExecutor.java:1056)
 java.base@16.0.2/java.util.concurrent.ThreadPoolExecutor.runWorker(ThreadPoolExecutor.java:1116)
 java.base@16.0.2/java.util.concurrent.ThreadPoolExecutor$Worker.run(ThreadPoolExecutor.java:630)
 java.base@16.0.2/java.lang.Thread.run(Thread.java:831)
2021-12-23 16:18:04.362  WARN 18048 --- [RMI TCP Connection(32)-127.0.0.1] o.a.c.loader.WebappClassLoaderBase       : The web application [ROOT] appears to have started a thread named [parallel-6] but has failed to stop it. This is very likely to create a memory leak. Stack trace of thread:
 java.base@16.0.2/jdk.internal.misc.Unsafe.park(Native Method)
 java.base@16.0.2/java.util.concurrent.locks.LockSupport.park(LockSupport.java:341)
 java.base@16.0.2/java.util.concurrent.locks.AbstractQueuedSynchronizer$ConditionNode.block(AbstractQueuedSynchronizer.java:505)
 java.base@16.0.2/java.util.concurrent.ForkJoinPool.managedBlock(ForkJoinPool.java:3137)
 java.base@16.0.2/java.util.concurrent.locks.AbstractQueuedSynchronizer$ConditionObject.await(AbstractQueuedSynchronizer.java:1614)
 java.base@16.0.2/java.util.concurrent.ScheduledThreadPoolExecutor$DelayedWorkQueue.take(ScheduledThreadPoolExecutor.java:1170)
 java.base@16.0.2/java.util.concurrent.ScheduledThreadPoolExecutor$DelayedWorkQueue.take(ScheduledThreadPoolExecutor.java:899)
 java.base@16.0.2/java.util.concurrent.ThreadPoolExecutor.getTask(ThreadPoolExecutor.java:1056)
 java.base@16.0.2/java.util.concurrent.ThreadPoolExecutor.runWorker(ThreadPoolExecutor.java:1116)
 java.base@16.0.2/java.util.concurrent.ThreadPoolExecutor$Worker.run(ThreadPoolExecutor.java:630)
 java.base@16.0.2/java.lang.Thread.run(Thread.java:831)
2021-12-23 16:18:04.364  WARN 18048 --- [RMI TCP Connection(32)-127.0.0.1] o.a.c.loader.WebappClassLoaderBase       : The web application [ROOT] appears to have started a thread named [parallel-7] but has failed to stop it. This is very likely to create a memory leak. Stack trace of thread:
 java.base@16.0.2/jdk.internal.misc.Unsafe.park(Native Method)
 java.base@16.0.2/java.util.concurrent.locks.LockSupport.park(LockSupport.java:341)
 java.base@16.0.2/java.util.concurrent.locks.AbstractQueuedSynchronizer$ConditionNode.block(AbstractQueuedSynchronizer.java:505)
 java.base@16.0.2/java.util.concurrent.ForkJoinPool.managedBlock(ForkJoinPool.java:3137)
 java.base@16.0.2/java.util.concurrent.locks.AbstractQueuedSynchronizer$ConditionObject.await(AbstractQueuedSynchronizer.java:1614)
 java.base@16.0.2/java.util.concurrent.ScheduledThreadPoolExecutor$DelayedWorkQueue.take(ScheduledThreadPoolExecutor.java:1170)
 java.base@16.0.2/java.util.concurrent.ScheduledThreadPoolExecutor$DelayedWorkQueue.take(ScheduledThreadPoolExecutor.java:899)
 java.base@16.0.2/java.util.concurrent.ThreadPoolExecutor.getTask(ThreadPoolExecutor.java:1056)
 java.base@16.0.2/java.util.concurrent.ThreadPoolExecutor.runWorker(ThreadPoolExecutor.java:1116)
 java.base@16.0.2/java.util.concurrent.ThreadPoolExecutor$Worker.run(ThreadPoolExecutor.java:630)
 java.base@16.0.2/java.lang.Thread.run(Thread.java:831)
2021-12-23 16:18:04.364  WARN 18048 --- [RMI TCP Connection(32)-127.0.0.1] o.a.c.loader.WebappClassLoaderBase       : The web application [ROOT] appears to have started a thread named [CircuitBreakerAutoTransitionThread] but has failed to stop it. This is very likely to create a memory leak. Stack trace of thread:
 java.base@16.0.2/jdk.internal.misc.Unsafe.park(Native Method)
 java.base@16.0.2/java.util.concurrent.locks.LockSupport.park(LockSupport.java:341)
 java.base@16.0.2/java.util.concurrent.locks.AbstractQueuedSynchronizer$ConditionNode.block(AbstractQueuedSynchronizer.java:505)
 java.base@16.0.2/java.util.concurrent.ForkJoinPool.managedBlock(ForkJoinPool.java:3137)
 java.base@16.0.2/java.util.concurrent.locks.AbstractQueuedSynchronizer$ConditionObject.await(AbstractQueuedSynchronizer.java:1614)
 java.base@16.0.2/java.util.concurrent.ScheduledThreadPoolExecutor$DelayedWorkQueue.take(ScheduledThreadPoolExecutor.java:1170)
 java.base@16.0.2/java.util.concurrent.ScheduledThreadPoolExecutor$DelayedWorkQueue.take(ScheduledThreadPoolExecutor.java:899)
 java.base@16.0.2/java.util.concurrent.ThreadPoolExecutor.getTask(ThreadPoolExecutor.java:1056)
 java.base@16.0.2/java.util.concurrent.ThreadPoolExecutor.runWorker(ThreadPoolExecutor.java:1116)
 java.base@16.0.2/java.util.concurrent.ThreadPoolExecutor$Worker.run(ThreadPoolExecutor.java:630)
 java.base@16.0.2/java.lang.Thread.run(Thread.java:831)
2021-12-23 16:18:06.418  INFO 18048 --- [RMI TCP Connection(32)-127.0.0.1] com.netflix.discovery.DiscoveryClient    : Shutting down DiscoveryClient ...
2021-12-23 16:18:09.438  INFO 18048 --- [RMI TCP Connection(32)-127.0.0.1] com.netflix.discovery.DiscoveryClient    : Unregistering ...
2021-12-23 16:18:09.443  INFO 18048 --- [RMI TCP Connection(32)-127.0.0.1] com.netflix.discovery.DiscoveryClient    : DiscoveryClient_MOVIE-CATALOG-SERVICE/TYSS-Trupthi:movie-catalog-service:8081 - deregister  status: 200
2021-12-23 16:18:09.499  INFO 18048 --- [RMI TCP Connection(32)-127.0.0.1] com.netflix.discovery.DiscoveryClient    : Completed shut down of DiscoveryClient
